[debug] [2017-09-28T18:52:03.439Z] ----------------------------------------------------------------------
[debug] [2017-09-28T18:52:03.441Z] Command:       C:\Program Files\nodejs\node.exe C:\Users\Romil\AppData\Roaming\npm\node_modules\firebase-tools\bin\firebase serve
[debug] [2017-09-28T18:52:03.442Z] CLI Version:   3.12.0
[debug] [2017-09-28T18:52:03.442Z] Platform:      win32
[debug] [2017-09-28T18:52:03.442Z] Node Version:  v8.1.2
[debug] [2017-09-28T18:52:03.442Z] Time:          Thu Sep 28 2017 14:52:03 GMT-0400 (US Eastern Daylight Time)
[debug] [2017-09-28T18:52:03.442Z] ----------------------------------------------------------------------
[debug] 
[debug] [2017-09-28T18:52:03.456Z] > command requires scopes: ["email","openid","https://www.googleapis.com/auth/cloudplatformprojects.readonly","https://www.googleapis.com/auth/firebase","https://www.googleapis.com/auth/cloud-platform"]
[debug] [2017-09-28T18:52:03.457Z] > authorizing via signed-in user
[debug] [2017-09-28T18:52:03.460Z] >>> HTTP REQUEST GET https://admin.firebase.com/v1/projects/psychpyramids  
 Thu Sep 28 2017 14:52:03 GMT-0400 (US Eastern Daylight Time)
[debug] [2017-09-28T18:52:03.700Z] <<< HTTP RESPONSE 200
[debug] [2017-09-28T18:52:03.701Z] >>> HTTP REQUEST GET https://admin.firebase.com/v1/database/psychpyramids/tokens  
 Thu Sep 28 2017 14:52:03 GMT-0400 (US Eastern Daylight Time)
[debug] [2017-09-28T18:52:03.948Z] <<< HTTP RESPONSE 200
[info] 
[info] === Serving from 'C:\pyramid'...
[info] 
[debug] [2017-09-28T18:52:03.958Z] >>> HTTP REQUEST GET https://cloudresourcemanager.googleapis.com/v1/projects/psychpyramids  
 Thu Sep 28 2017 14:52:03 GMT-0400 (US Eastern Daylight Time)
[debug] [2017-09-28T18:52:04.152Z] <<< HTTP RESPONSE 200
[debug] [2017-09-28T18:52:04.153Z] >>> HTTP REQUEST GET https://mobilesdk-pa.googleapis.com/v1/projects/688276571448/clients/_:getWebAppConfig  
 Thu Sep 28 2017 14:52:04 GMT-0400 (US Eastern Daylight Time)
[debug] [2017-09-28T18:52:04.387Z] <<< HTTP RESPONSE 200
[info] i  hosting: Serving hosting files from: public/views
[info] +  hosting: Local server: http://localhost:5000

[info] Shutting down...
[debug] [2017-09-28T18:58:00.465Z] ----------------------------------------------------------------------
[debug] [2017-09-28T18:58:00.469Z] Command:       C:\Program Files\nodejs\node.exe C:\Users\Romil\AppData\Roaming\npm\node_modules\firebase-tools\bin\firebase serve
[debug] [2017-09-28T18:58:00.469Z] CLI Version:   3.12.0
[debug] [2017-09-28T18:58:00.469Z] Platform:      win32
[debug] [2017-09-28T18:58:00.469Z] Node Version:  v8.1.2
[debug] [2017-09-28T18:58:00.469Z] Time:          Thu Sep 28 2017 14:58:00 GMT-0400 (US Eastern Daylight Time)
[debug] [2017-09-28T18:58:00.469Z] ----------------------------------------------------------------------
[debug] 
[debug] [2017-09-28T18:58:00.486Z] > command requires scopes: ["email","openid","https://www.googleapis.com/auth/cloudplatformprojects.readonly","https://www.googleapis.com/auth/firebase","https://www.googleapis.com/auth/cloud-platform"]
[debug] [2017-09-28T18:58:00.487Z] > authorizing via signed-in user
[debug] [2017-09-28T18:58:00.497Z] >>> HTTP REQUEST GET https://admin.firebase.com/v1/projects/psychpyramids  
 Thu Sep 28 2017 14:58:00 GMT-0400 (US Eastern Daylight Time)
[debug] [2017-09-28T18:58:00.918Z] <<< HTTP RESPONSE 200
[debug] [2017-09-28T18:58:00.919Z] >>> HTTP REQUEST GET https://admin.firebase.com/v1/database/psychpyramids/tokens  
 Thu Sep 28 2017 14:58:00 GMT-0400 (US Eastern Daylight Time)
[debug] [2017-09-28T18:58:01.234Z] <<< HTTP RESPONSE 200
[info] 
[info] === Serving from 'C:\pyramid'...
[info] 
[debug] [2017-09-28T18:58:01.244Z] >>> HTTP REQUEST GET https://cloudresourcemanager.googleapis.com/v1/projects/psychpyramids  
 Thu Sep 28 2017 14:58:01 GMT-0400 (US Eastern Daylight Time)
[debug] [2017-09-28T18:58:01.645Z] <<< HTTP RESPONSE 200
[debug] [2017-09-28T18:58:01.646Z] >>> HTTP REQUEST GET https://mobilesdk-pa.googleapis.com/v1/projects/688276571448/clients/_:getWebAppConfig  
 Thu Sep 28 2017 14:58:01 GMT-0400 (US Eastern Daylight Time)
[debug] [2017-09-28T18:58:01.998Z] <<< HTTP RESPONSE 200
[info] i  hosting: Serving hosting files from: public/views
[info] +  hosting: Local server: http://localhost:5000

[info] Shutting down...
[debug] [2017-09-28T18:59:47.573Z] ----------------------------------------------------------------------
[debug] [2017-09-28T18:59:47.575Z] Command:       C:\Program Files\nodejs\node.exe C:\Users\Romil\AppData\Roaming\npm\node_modules\firebase-tools\bin\firebase serve
[debug] [2017-09-28T18:59:47.575Z] CLI Version:   3.12.0
[debug] [2017-09-28T18:59:47.575Z] Platform:      win32
[debug] [2017-09-28T18:59:47.575Z] Node Version:  v8.1.2
[debug] [2017-09-28T18:59:47.575Z] Time:          Thu Sep 28 2017 14:59:47 GMT-0400 (US Eastern Daylight Time)
[debug] [2017-09-28T18:59:47.575Z] ----------------------------------------------------------------------
[debug] 
[debug] [2017-09-28T18:59:47.590Z] > command requires scopes: ["email","openid","https://www.googleapis.com/auth/cloudplatformprojects.readonly","https://www.googleapis.com/auth/firebase","https://www.googleapis.com/auth/cloud-platform"]
[debug] [2017-09-28T18:59:47.590Z] > authorizing via signed-in user
[debug] [2017-09-28T18:59:47.592Z] >>> HTTP REQUEST GET https://admin.firebase.com/v1/projects/psychpyramids  
 Thu Sep 28 2017 14:59:47 GMT-0400 (US Eastern Daylight Time)
[debug] [2017-09-28T18:59:47.829Z] <<< HTTP RESPONSE 200
[debug] [2017-09-28T18:59:47.830Z] >>> HTTP REQUEST GET https://admin.firebase.com/v1/database/psychpyramids/tokens  
 Thu Sep 28 2017 14:59:47 GMT-0400 (US Eastern Daylight Time)
[debug] [2017-09-28T18:59:48.173Z] <<< HTTP RESPONSE 200
[info] 
[info] === Serving from 'C:\pyramid'...
[info] 
[debug] [2017-09-28T18:59:48.180Z] >>> HTTP REQUEST GET https://cloudresourcemanager.googleapis.com/v1/projects/psychpyramids  
 Thu Sep 28 2017 14:59:48 GMT-0400 (US Eastern Daylight Time)
[debug] [2017-09-28T18:59:48.392Z] <<< HTTP RESPONSE 200
[debug] [2017-09-28T18:59:48.393Z] >>> HTTP REQUEST GET https://mobilesdk-pa.googleapis.com/v1/projects/688276571448/clients/_:getWebAppConfig  
 Thu Sep 28 2017 14:59:48 GMT-0400 (US Eastern Daylight Time)
[debug] [2017-09-28T18:59:48.607Z] <<< HTTP RESPONSE 200
[info] i  hosting: Serving hosting files from: public/views
[info] +  hosting: Local server: http://localhost:5000

[info] Shutting down...
[debug] [2017-09-28T19:01:23.599Z] ----------------------------------------------------------------------
[debug] [2017-09-28T19:01:23.602Z] Command:       C:\Program Files\nodejs\node.exe C:\Users\Romil\AppData\Roaming\npm\node_modules\firebase-tools\bin\firebase serve
[debug] [2017-09-28T19:01:23.602Z] CLI Version:   3.12.0
[debug] [2017-09-28T19:01:23.602Z] Platform:      win32
[debug] [2017-09-28T19:01:23.602Z] Node Version:  v8.1.2
[debug] [2017-09-28T19:01:23.602Z] Time:          Thu Sep 28 2017 15:01:23 GMT-0400 (US Eastern Daylight Time)
[debug] [2017-09-28T19:01:23.602Z] ----------------------------------------------------------------------
[debug] 
[debug] [2017-09-28T19:01:23.618Z] > command requires scopes: ["email","openid","https://www.googleapis.com/auth/cloudplatformprojects.readonly","https://www.googleapis.com/auth/firebase","https://www.googleapis.com/auth/cloud-platform"]
[debug] [2017-09-28T19:01:23.618Z] > authorizing via signed-in user
[debug] [2017-09-28T19:01:23.620Z] >>> HTTP REQUEST GET https://admin.firebase.com/v1/projects/psychpyramids  
 Thu Sep 28 2017 15:01:23 GMT-0400 (US Eastern Daylight Time)
[debug] [2017-09-28T19:01:24.021Z] <<< HTTP RESPONSE 200
[debug] [2017-09-28T19:01:24.023Z] >>> HTTP REQUEST GET https://admin.firebase.com/v1/database/psychpyramids/tokens  
 Thu Sep 28 2017 15:01:24 GMT-0400 (US Eastern Daylight Time)
[debug] [2017-09-28T19:01:24.480Z] <<< HTTP RESPONSE 200
[info] 
[info] === Serving from 'C:\pyramid'...
[info] 
[debug] [2017-09-28T19:01:24.483Z] >>> HTTP REQUEST GET https://cloudresourcemanager.googleapis.com/v1/projects/psychpyramids  
 Thu Sep 28 2017 15:01:24 GMT-0400 (US Eastern Daylight Time)
[debug] [2017-09-28T19:01:24.687Z] <<< HTTP RESPONSE 200
[debug] [2017-09-28T19:01:24.688Z] >>> HTTP REQUEST GET https://mobilesdk-pa.googleapis.com/v1/projects/688276571448/clients/_:getWebAppConfig  
 Thu Sep 28 2017 15:01:24 GMT-0400 (US Eastern Daylight Time)
[debug] [2017-09-28T19:01:24.939Z] <<< HTTP RESPONSE 200
[info] i  hosting: Serving hosting files from: public/views
[info] +  hosting: Local server: http://localhost:5000

[info] Shutting down...
[debug] [2017-09-28T19:05:29.926Z] ----------------------------------------------------------------------
[debug] [2017-09-28T19:05:29.929Z] Command:       C:\Program Files\nodejs\node.exe C:\Users\Romil\AppData\Roaming\npm\node_modules\firebase-tools\bin\firebase serve
[debug] [2017-09-28T19:05:29.929Z] CLI Version:   3.12.0
[debug] [2017-09-28T19:05:29.929Z] Platform:      win32
[debug] [2017-09-28T19:05:29.929Z] Node Version:  v8.1.2
[debug] [2017-09-28T19:05:29.929Z] Time:          Thu Sep 28 2017 15:05:29 GMT-0400 (US Eastern Daylight Time)
[debug] [2017-09-28T19:05:29.929Z] ----------------------------------------------------------------------
[debug] 
[debug] [2017-09-28T19:05:29.944Z] > command requires scopes: ["email","openid","https://www.googleapis.com/auth/cloudplatformprojects.readonly","https://www.googleapis.com/auth/firebase","https://www.googleapis.com/auth/cloud-platform"]
[debug] [2017-09-28T19:05:29.945Z] > authorizing via signed-in user
[debug] [2017-09-28T19:05:29.947Z] >>> HTTP REQUEST GET https://admin.firebase.com/v1/projects/psychpyramids  
 Thu Sep 28 2017 15:05:29 GMT-0400 (US Eastern Daylight Time)
[debug] [2017-09-28T19:05:30.211Z] <<< HTTP RESPONSE 200
[debug] [2017-09-28T19:05:30.214Z] >>> HTTP REQUEST GET https://admin.firebase.com/v1/database/psychpyramids/tokens  
 Thu Sep 28 2017 15:05:30 GMT-0400 (US Eastern Daylight Time)
[debug] [2017-09-28T19:05:30.557Z] <<< HTTP RESPONSE 200
[info] 
[info] === Serving from 'C:\pyramid'...
[info] 
[debug] [2017-09-28T19:05:30.565Z] >>> HTTP REQUEST GET https://cloudresourcemanager.googleapis.com/v1/projects/psychpyramids  
 Thu Sep 28 2017 15:05:30 GMT-0400 (US Eastern Daylight Time)
[debug] [2017-09-28T19:05:30.751Z] <<< HTTP RESPONSE 200
[debug] [2017-09-28T19:05:30.752Z] >>> HTTP REQUEST GET https://mobilesdk-pa.googleapis.com/v1/projects/688276571448/clients/_:getWebAppConfig  
 Thu Sep 28 2017 15:05:30 GMT-0400 (US Eastern Daylight Time)
[debug] [2017-09-28T19:05:31.044Z] <<< HTTP RESPONSE 200
[info] i  hosting: Serving hosting files from: public/views
[info] +  hosting: Local server: http://localhost:5000

[info] Shutting down...
[debug] [2017-09-28T19:06:12.959Z] ----------------------------------------------------------------------
[debug] [2017-09-28T19:06:12.963Z] Command:       C:\Program Files\nodejs\node.exe C:\Users\Romil\AppData\Roaming\npm\node_modules\firebase-tools\bin\firebase serve
[debug] [2017-09-28T19:06:12.963Z] CLI Version:   3.12.0
[debug] [2017-09-28T19:06:12.963Z] Platform:      win32
[debug] [2017-09-28T19:06:12.963Z] Node Version:  v8.1.2
[debug] [2017-09-28T19:06:12.963Z] Time:          Thu Sep 28 2017 15:06:12 GMT-0400 (US Eastern Daylight Time)
[debug] [2017-09-28T19:06:12.963Z] ----------------------------------------------------------------------
[debug] 
[debug] [2017-09-28T19:06:12.980Z] > command requires scopes: ["email","openid","https://www.googleapis.com/auth/cloudplatformprojects.readonly","https://www.googleapis.com/auth/firebase","https://www.googleapis.com/auth/cloud-platform"]
[debug] [2017-09-28T19:06:12.980Z] > authorizing via signed-in user
[debug] [2017-09-28T19:06:12.983Z] >>> HTTP REQUEST GET https://admin.firebase.com/v1/projects/psychpyramids  
 Thu Sep 28 2017 15:06:12 GMT-0400 (US Eastern Daylight Time)
[debug] [2017-09-28T19:06:13.271Z] <<< HTTP RESPONSE 200
[debug] [2017-09-28T19:06:13.272Z] >>> HTTP REQUEST GET https://admin.firebase.com/v1/database/psychpyramids/tokens  
 Thu Sep 28 2017 15:06:13 GMT-0400 (US Eastern Daylight Time)
[debug] [2017-09-28T19:06:13.609Z] <<< HTTP RESPONSE 200
[info] 
[info] === Serving from 'C:\pyramid'...
[info] 
[debug] [2017-09-28T19:06:13.613Z] >>> HTTP REQUEST GET https://cloudresourcemanager.googleapis.com/v1/projects/psychpyramids  
 Thu Sep 28 2017 15:06:13 GMT-0400 (US Eastern Daylight Time)
[debug] [2017-09-28T19:06:13.836Z] <<< HTTP RESPONSE 200
[debug] [2017-09-28T19:06:13.837Z] >>> HTTP REQUEST GET https://mobilesdk-pa.googleapis.com/v1/projects/688276571448/clients/_:getWebAppConfig  
 Thu Sep 28 2017 15:06:13 GMT-0400 (US Eastern Daylight Time)
[debug] [2017-09-28T19:06:14.077Z] <<< HTTP RESPONSE 200
[info] i  hosting: Serving hosting files from: public/views
[info] +  hosting: Local server: http://localhost:5000

[info] Shutting down...
